# JRE version: OpenJDK Runtime Environment (11.0.12+7) (build 11.0.12+7-b1504.28-7817840)
# Java VM: OpenJDK 64-Bit Server VM (11.0.12+7-b1504.28-7817840, mixed mode, tiered, compressed oops, g1 gc, windows-amd64)
Heap:
 garbage-first heap   total 1090560K, used 82265K [0x0000000080000000, 0x0000000100000000)
  region size 1024K, 2 young (2048K), 2 survivors (2048K)
 Metaspace       used 68433K, capacity 70327K, committed 70400K, reserved 1110016K
  class space    used 8513K, capacity 9181K, committed 9216K, reserved 1048576K
GC Heap History (20 events):
Event: 853.740 GC heap after
{Heap after GC invocations=164 (full 0):
 garbage-first heap   total 288768K, used 79024K [0x0000000080000000, 0x0000000100000000)
  region size 1024K, 4 young (4096K), 4 survivors (4096K)
 Metaspace       used 68431K, capacity 70327K, committed 70400K, reserved 1110016K
  class space    used 8513K, capacity 9181K, committed 9216K, reserved 1048576K
}
Event: 856.763 GC heap before
{Heap before GC invocations=164 (full 0):
 garbage-first heap   total 288768K, used 150704K [0x0000000080000000, 0x0000000100000000)
  region size 1024K, 74 young (75776K), 4 survivors (4096K)
 Metaspace       used 68431K, capacity 70327K, committed 70400K, reserved 1110016K
  class space    used 8513K, capacity 9181K, committed 9216K, reserved 1048576K
}
Event: 856.813 GC heap after
{Heap after GC invocations=165 (full 0):
 garbage-first heap   total 288768K, used 79521K [0x0000000080000000, 0x0000000100000000)
  region size 1024K, 4 young (4096K), 4 survivors (4096K)
 Metaspace       used 68431K, capacity 70327K, committed 70400K, reserved 1110016K
  class space    used 8513K, capacity 9181K, committed 9216K, reserved 1048576K
}
Event: 859.368 GC heap before
{Heap before GC invocations=165 (full 0):
 garbage-first heap   total 288768K, used 163489K [0x0000000080000000, 0x0000000100000000)
  region size 1024K, 86 young (88064K), 4 survivors (4096K)
 Metaspace       used 68431K, capacity 70327K, committed 70400K, reserved 1110016K
  class space    used 8513K, capacity 9181K, committed 9216K, reserved 1048576K
}
Event: 859.475 GC heap after
{Heap after GC invocations=166 (full 0):
 garbage-first heap   total 288768K, used 80059K [0x0000000080000000, 0x0000000100000000)
  region size 1024K, 5 young (5120K), 5 survivors (5120K)
 Metaspace       used 68431K, capacity 70327K, committed 70400K, reserved 1110016K
  class space    used 8513K, capacity 9181K, committed 9216K, reserved 1048576K
}
Event: 860.065 GC heap before
{Heap before GC invocations=166 (full 0):
 garbage-first heap   total 288768K, used 175291K [0x0000000080000000, 0x0000000100000000)
  region size 1024K, 98 young (100352K), 5 survivors (5120K)
 Metaspace       used 68431K, capacity 70327K, committed 70400K, reserved 1110016K
  class space    used 8513K, capacity 9181K, committed 9216K, reserved 1048576K
}
Event: 860.264 GC heap after
{Heap after GC invocations=167 (full 0):
 garbage-first heap   total 288768K, used 80668K [0x0000000080000000, 0x0000000100000000)
  region size 1024K, 5 young (5120K), 5 survivors (5120K)
 Metaspace       used 68431K, capacity 70327K, committed 70400K, reserved 1110016K
  class space    used 8513K, capacity 9181K, committed 9216K, reserved 1048576K
}
Event: 866.606 GC heap before
{Heap before GC invocations=167 (full 0):
 garbage-first heap   total 288768K, used 201500K [0x0000000080000000, 0x0000000100000000)
  region size 1024K, 123 young (125952K), 5 survivors (5120K)
 Metaspace       used 68431K, capacity 70327K, committed 70400K, reserved 1110016K
  class space    used 8513K, capacity 9181K, committed 9216K, reserved 1048576K
}
Event: 866.745 GC heap after
{Heap after GC invocations=168 (full 0):
 garbage-first heap   total 603136K, used 81185K [0x0000000080000000, 0x0000000100000000)
  region size 1024K, 5 young (5120K), 5 survivors (5120K)
 Metaspace       used 68431K, capacity 70327K, committed 70400K, reserved 1110016K
  class space    used 8513K, capacity 9181K, committed 9216K, reserved 1048576K
}
Event: 874.484 GC heap before
{Heap before GC invocations=168 (full 0):
 garbage-first heap   total 603136K, used 203041K [0x0000000080000000, 0x0000000100000000)
  region size 1024K, 124 young (126976K), 5 survivors (5120K)
 Metaspace       used 68433K, capacity 70327K, committed 70400K, reserved 1110016K
  class space    used 8513K, capacity 9181K, committed 9216K, reserved 1048576K
}
Event: 875.066 GC heap after
{Heap after GC invocations=169 (full 0):
 garbage-first heap   total 603136K, used 81609K [0x0000000080000000, 0x0000000100000000)
  region size 1024K, 5 young (5120K), 5 survivors (5120K)
 Metaspace       used 68433K, capacity 70327K, committed 70400K, reserved 1110016K
  class space    used 8513K, capacity 9181K, committed 9216K, reserved 1048576K
}
Event: 877.672 GC heap before
{Heap before GC invocations=169 (full 0):
 garbage-first heap   total 603136K, used 106185K [0x0000000080000000, 0x0000000100000000)
  region size 1024K, 29 young (29696K), 5 survivors (5120K)
 Metaspace       used 68433K, capacity 70327K, committed 70400K, reserved 1110016K
  class space    used 8513K, capacity 9181K, committed 9216K, reserved 1048576K
}
Event: 879.198 GC heap after
{Heap after GC invocations=170 (full 0):
 garbage-first heap   total 603136K, used 81741K [0x0000000080000000, 0x0000000100000000)
  region size 1024K, 2 young (2048K), 2 survivors (2048K)
 Metaspace       used 68433K, capacity 70327K, committed 70400K, reserved 1110016K
  class space    used 8513K, capacity 9181K, committed 9216K, reserved 1048576K
}
Event: 882.056 GC heap before
{Heap before GC invocations=170 (full 0):
 garbage-first heap   total 603136K, used 109389K [0x0000000080000000, 0x0000000100000000)
  region size 1024K, 29 young (29696K), 2 survivors (2048K)
 Metaspace       used 68433K, capacity 70327K, committed 70400K, reserved 1110016K
  class space    used 8513K, capacity 9181K, committed 9216K, reserved 1048576K
}
Event: 882.062 GC heap after
{Heap after GC invocations=171 (full 0):
 garbage-first heap   total 603136K, used 81788K [0x0000000080000000, 0x0000000100000000)
  region size 1024K, 2 young (2048K), 2 survivors (2048K)
 Metaspace       used 68433K, capacity 70327K, committed 70400K, reserved 1110016K
  class space    used 8513K, capacity 9181K, committed 9216K, reserved 1048576K
}
Event: 883.592 GC heap before
{Heap before GC invocations=171 (full 0):
 garbage-first heap   total 603136K, used 109436K [0x0000000080000000, 0x0000000100000000)
  region size 1024K, 29 young (29696K), 2 survivors (2048K)
 Metaspace       used 68433K, capacity 70327K, committed 70400K, reserved 1110016K
  class space    used 8513K, capacity 9181K, committed 9216K, reserved 1048576K
}
Event: 883.597 GC heap after
{Heap after GC invocations=172 (full 0):
 garbage-first heap   total 603136K, used 82005K [0x0000000080000000, 0x0000000100000000)
  region size 1024K, 3 young (3072K), 3 survivors (3072K)
 Metaspace       used 68433K, capacity 70327K, committed 70400K, reserved 1110016K
  class space    used 8513K, capacity 9181K, committed 9216K, reserved 1048576K
}
Event: 886.465 GC heap before
{Heap before GC invocations=172 (full 0):
 garbage-first heap   total 603136K, used 108629K [0x0000000080000000, 0x0000000100000000)
  region size 1024K, 29 young (29696K), 3 survivors (3072K)
 Metaspace       used 68433K, capacity 70327K, committed 70400K, reserved 1110016K
  class space    used 8513K, capacity 9181K, committed 9216K, reserved 1048576K
}
Event: 886.894 GC heap after
{Heap after GC invocations=173 (full 0):
 garbage-first heap   total 603136K, used 82103K [0x0000000080000000, 0x0000000100000000)
  region size 1024K, 2 young (2048K), 2 survivors (2048K)
 Metaspace       used 68433K, capacity 70327K, committed 70400K, reserved 1110016K
  class space    used 8513K, capacity 9181K, committed 9216K, reserved 1048576K
}
Event: 888.648 GC heap before
{Heap before GC invocations=173 (full 0):
 garbage-first heap   total 603136K, used 109751K [0x0000000080000000, 0x0000000100000000)
  region size 1024K, 29 young (29696K), 2 survivors (2048K)
 Metaspace       used 68433K, capacity 70327K, committed 70400K, reserved 1110016K
  class space    used 8513K, capacity 9181K, committed 9216K, reserved 1048576K
}

